2024-10-11 10:57:24 - INFO - Iniciando scraping para la URL: https://www.arturocalle.com/crema-para-cuero-graso-31543/p
2024-10-11 10:57:28 - INFO - Solicitud exitosa para https://www.arturocalle.com/crema-para-cuero-graso-31543/p
2024-10-11 10:57:28 - INFO - Extracción completada para https://www.arturocalle.com/crema-para-cuero-graso-31543/p en 4.84 segundos.
2024-10-11 10:57:28 - INFO - Iniciando scraping para la URL: https://www.arturocalle.com/cordones-de-repuesto-para-zapatos--10117796/p
2024-10-11 10:57:33 - INFO - Solicitud exitosa para https://www.arturocalle.com/cordones-de-repuesto-para-zapatos--10117796/p
2024-10-11 10:57:33 - INFO - Extracción completada para https://www.arturocalle.com/cordones-de-repuesto-para-zapatos--10117796/p en 4.65 segundos.
2024-10-11 10:57:33 - INFO - Iniciando scraping para la URL: https://www.arturocalle.com/protector-impermeabilizante-neutro-en-spray--10077422/p
2024-10-11 10:57:37 - INFO - Solicitud exitosa para https://www.arturocalle.com/protector-impermeabilizante-neutro-en-spray--10077422/p
2024-10-11 10:57:38 - INFO - Extracción completada para https://www.arturocalle.com/protector-impermeabilizante-neutro-en-spray--10077422/p en 4.43 segundos.
2024-10-11 10:57:38 - INFO - Iniciando scraping para la URL: https://www.arturocalle.com/limpiador-en-seco-31542/p
2024-10-11 10:57:42 - INFO - Solicitud exitosa para https://www.arturocalle.com/limpiador-en-seco-31542/p
2024-10-11 10:57:42 - INFO - Extracción completada para https://www.arturocalle.com/limpiador-en-seco-31542/p en 4.30 segundos.
2024-10-11 10:57:42 - INFO - Iniciando scraping para la URL: https://www.arturocalle.com/cepillo-deluxe--10077427/p
2024-10-11 10:57:46 - INFO - Solicitud exitosa para https://www.arturocalle.com/cepillo-deluxe--10077427/p
2024-10-11 10:57:47 - INFO - Extracción completada para https://www.arturocalle.com/cepillo-deluxe--10077427/p en 4.70 segundos.
2024-10-11 10:57:47 - INFO - Iniciando scraping para la URL: https://www.arturocalle.com/limpiador-de-suelas-31546/p
2024-10-11 10:57:51 - INFO - Solicitud exitosa para https://www.arturocalle.com/limpiador-de-suelas-31546/p
2024-10-11 10:57:51 - INFO - Extracción completada para https://www.arturocalle.com/limpiador-de-suelas-31546/p en 4.68 segundos.
2024-10-11 10:57:51 - INFO - Iniciando scraping para la URL: https://www.arturocalle.com/protector-universal-de-ante-y-nubuck-31541/p
2024-10-11 10:57:56 - INFO - Solicitud exitosa para https://www.arturocalle.com/protector-universal-de-ante-y-nubuck-31541/p
2024-10-11 10:57:57 - INFO - Extracción completada para https://www.arturocalle.com/protector-universal-de-ante-y-nubuck-31541/p en 5.36 segundos.
2024-10-11 10:57:57 - INFO - Iniciando scraping para la URL: https://www.arturocalle.com/crema-autobrillante-negra-32195/p
2024-10-11 10:58:01 - INFO - Solicitud exitosa para https://www.arturocalle.com/crema-autobrillante-negra-32195/p
2024-10-11 10:58:02 - INFO - Extracción completada para https://www.arturocalle.com/crema-autobrillante-negra-32195/p en 4.93 segundos.
2024-10-11 10:58:02 - INFO - Iniciando scraping para la URL: https://www.arturocalle.com/shampoo-para-tenis-31547/p
2024-10-11 10:58:06 - INFO - Solicitud exitosa para https://www.arturocalle.com/shampoo-para-tenis-31547/p
2024-10-11 10:58:06 - INFO - Extracción completada para https://www.arturocalle.com/shampoo-para-tenis-31547/p en 4.55 segundos.
2024-10-11 10:58:06 - INFO - Iniciando scraping para la URL: https://www.arturocalle.com/limpiador-en-seco-neutro--10077423/p
2024-10-11 10:58:11 - INFO - Solicitud exitosa para https://www.arturocalle.com/limpiador-en-seco-neutro--10077423/p
2024-10-11 10:58:11 - INFO - Extracción completada para https://www.arturocalle.com/limpiador-en-seco-neutro--10077423/p en 4.72 segundos.
2024-10-11 10:58:11 - INFO - Iniciando scraping para la URL: https://www.arturocalle.com/perfume-black-arturo-calle-10091117/p
2024-10-11 10:58:15 - INFO - Solicitud exitosa para https://www.arturocalle.com/perfume-black-arturo-calle-10091117/p
2024-10-11 10:58:15 - INFO - Extracción completada para https://www.arturocalle.com/perfume-black-arturo-calle-10091117/p en 4.44 segundos.
2024-10-11 10:58:15 - INFO - Iniciando scraping para la URL: https://www.arturocalle.com/billetera-con-disposicion-vertical-para-hombre-34013/p?property__Colores=Negro
2024-10-11 10:58:20 - INFO - Solicitud exitosa para https://www.arturocalle.com/billetera-con-disposicion-vertical-para-hombre-34013/p?property__Colores=Negro
2024-10-11 10:58:20 - INFO - Extracción completada para https://www.arturocalle.com/billetera-con-disposicion-vertical-para-hombre-34013/p?property__Colores=Negro en 4.49 segundos.
2024-10-11 10:58:20 - INFO - Iniciando scraping para la URL: https://www.arturocalle.com/perfume-blue-arturo-calle-10091118/p
2024-10-11 10:58:24 - INFO - Solicitud exitosa para https://www.arturocalle.com/perfume-blue-arturo-calle-10091118/p
2024-10-11 10:58:24 - INFO - Extracción completada para https://www.arturocalle.com/perfume-blue-arturo-calle-10091118/p en 4.08 segundos.
2024-10-11 10:58:24 - INFO - Iniciando scraping para la URL: https://www.arturocalle.com/billetera-compacta-para-hombre-35454/p?property__Colores=Negro
